<?xml version="1.0" encoding="UTF-8"?>
<!-- Generated by org.testng.reporters.JUnitReportReporter -->
<testsuite skipped="0" hostname="ipoov.local" name="Neha.GoogleTest.NewTest" tests="1" failures="0" timestamp="05 Nov 2019 12:11:17 GMT" time="7.744" errors="0">
  <testcase name="f" time="7.744" classname="Neha.GoogleTest.NewTest"/>
</testsuite> <!-- Neha.GoogleTest.NewTest -->
